{"C:\\Users\\Equio\\Documents\\PROYECTOS\\nodejs\\app-nodejs\\errors.js": {"path":"C:\\Users\\Equio\\Documents\\PROYECTOS\\nodejs\\app-nodejs\\errors.js","statementMap":{"0":{"start":{"line":1,"column":22},"end":{"line":4,"column":1}},"1":{"start":{"line":2,"column":26},"end":{"line":2,"column":59}},"2":{"start":{"line":3,"column":20},"end":{"line":3,"column":46}},"3":{"start":{"line":5,"column":0},"end":{"line":7,"column":1}}},"fnMap":{"0":{"name":"(anonymous_0)","decl":{"start":{"line":2,"column":16},"end":{"line":2,"column":17}},"loc":{"start":{"line":2,"column":26},"end":{"line":2,"column":59}},"line":2},"1":{"name":"(anonymous_1)","decl":{"start":{"line":3,"column":10},"end":{"line":3,"column":11}},"loc":{"start":{"line":3,"column":20},"end":{"line":3,"column":46}},"line":3}},"branchMap":{},"s":{"0":2,"1":8,"2":1,"3":2},"f":{"0":8,"1":1},"b":{},"_coverageSchema":"1a1c01bbd47fc00a2c39e90264f33305004495a9","hash":"21063a9f55b5d98064ae14d40d7c7e39ffc412dd"}
,"C:\\Users\\Equio\\Documents\\PROYECTOS\\nodejs\\app-nodejs\\index.js": {"path":"C:\\Users\\Equio\\Documents\\PROYECTOS\\nodejs\\app-nodejs\\index.js","statementMap":{"0":{"start":{"line":1,"column":0},"end":{"line":1,"column":18}},"1":{"start":{"line":3,"column":16},"end":{"line":3,"column":34}},"2":{"start":{"line":4,"column":13},"end":{"line":4,"column":28}},"3":{"start":{"line":5,"column":17},"end":{"line":5,"column":49}},"4":{"start":{"line":6,"column":21},"end":{"line":6,"column":57}},"5":{"start":{"line":7,"column":20},"end":{"line":7,"column":50}},"6":{"start":{"line":8,"column":23},"end":{"line":8,"column":56}},"7":{"start":{"line":9,"column":19},"end":{"line":9,"column":48}},"8":{"start":{"line":11,"column":12},"end":{"line":11,"column":21}},"9":{"start":{"line":13,"column":0},"end":{"line":13,"column":15}},"10":{"start":{"line":14,"column":0},"end":{"line":14,"column":23}},"11":{"start":{"line":18,"column":0},"end":{"line":18,"column":32}},"12":{"start":{"line":21,"column":0},"end":{"line":21,"column":34}},"13":{"start":{"line":24,"column":0},"end":{"line":24,"column":40}},"14":{"start":{"line":27,"column":0},"end":{"line":27,"column":17}},"15":{"start":{"line":28,"column":0},"end":{"line":28,"column":21}},"16":{"start":{"line":29,"column":13},"end":{"line":29,"column":37}},"17":{"start":{"line":30,"column":15},"end":{"line":32,"column":2}},"18":{"start":{"line":33,"column":0},"end":{"line":33,"column":32}}},"fnMap":{"0":{"name":"(anonymous_0)","decl":{"start":{"line":30,"column":32},"end":{"line":30,"column":33}},"loc":{"start":{"line":30,"column":38},"end":{"line":32,"column":1}},"line":30}},"branchMap":{"0":{"loc":{"start":{"line":29,"column":13},"end":{"line":29,"column":37}},"type":"binary-expr","locations":[{"start":{"line":29,"column":13},"end":{"line":29,"column":29}},{"start":{"line":29,"column":33},"end":{"line":29,"column":37}}],"line":29}},"s":{"0":2,"1":2,"2":2,"3":2,"4":2,"5":2,"6":2,"7":2,"8":2,"9":2,"10":2,"11":2,"12":2,"13":2,"14":2,"15":2,"16":2,"17":2,"18":2},"f":{"0":2},"b":{"0":[2,0]},"_coverageSchema":"1a1c01bbd47fc00a2c39e90264f33305004495a9","hash":"86eeabe0cfaa869913cc69cbc3355a6824a939a0"}
,"C:\\Users\\Equio\\Documents\\PROYECTOS\\nodejs\\app-nodejs\\mongo.js": {"path":"C:\\Users\\Equio\\Documents\\PROYECTOS\\nodejs\\app-nodejs\\mongo.js","statementMap":{"0":{"start":{"line":1,"column":0},"end":{"line":1,"column":26}},"1":{"start":{"line":2,"column":17},"end":{"line":2,"column":36}},"2":{"start":{"line":3,"column":54},"end":{"line":3,"column":65}},"3":{"start":{"line":4,"column":24},"end":{"line":4,"column":78}},"4":{"start":{"line":6,"column":0},"end":{"line":16,"column":4}},"5":{"start":{"line":15,"column":4},"end":{"line":15,"column":20}},"6":{"start":{"line":19,"column":0},"end":{"line":22,"column":2}},"7":{"start":{"line":20,"column":2},"end":{"line":20,"column":22}},"8":{"start":{"line":21,"column":2},"end":{"line":21,"column":23}}},"fnMap":{"0":{"name":"(anonymous_0)","decl":{"start":{"line":12,"column":8},"end":{"line":12,"column":9}},"loc":{"start":{"line":12,"column":14},"end":{"line":14,"column":3}},"line":12},"1":{"name":"(anonymous_1)","decl":{"start":{"line":14,"column":11},"end":{"line":14,"column":12}},"loc":{"start":{"line":14,"column":20},"end":{"line":16,"column":3}},"line":14},"2":{"name":"(anonymous_2)","decl":{"start":{"line":19,"column":32},"end":{"line":19,"column":33}},"loc":{"start":{"line":19,"column":43},"end":{"line":22,"column":1}},"line":19}},"branchMap":{"0":{"loc":{"start":{"line":4,"column":24},"end":{"line":4,"column":78}},"type":"cond-expr","locations":[{"start":{"line":4,"column":46},"end":{"line":4,"column":63}},{"start":{"line":4,"column":66},"end":{"line":4,"column":78}}],"line":4}},"s":{"0":2,"1":2,"2":2,"3":2,"4":2,"5":0,"6":2,"7":0,"8":0},"f":{"0":2,"1":0,"2":0},"b":{"0":[2,0]},"_coverageSchema":"1a1c01bbd47fc00a2c39e90264f33305004495a9","hash":"d53246d61e150cb0e920e69f2db060ada8b50245"}
,"C:\\Users\\Equio\\Documents\\PROYECTOS\\nodejs\\app-nodejs\\controllers\\auth.js": {"path":"C:\\Users\\Equio\\Documents\\PROYECTOS\\nodejs\\app-nodejs\\controllers\\auth.js","statementMap":{"0":{"start":{"line":1,"column":12},"end":{"line":1,"column":35}},"1":{"start":{"line":2,"column":15},"end":{"line":2,"column":32}},"2":{"start":{"line":3,"column":19},"end":{"line":3,"column":46}},"3":{"start":{"line":4,"column":13},"end":{"line":4,"column":38}},"4":{"start":{"line":6,"column":0},"end":{"line":30,"column":2}},"5":{"start":{"line":7,"column":19},"end":{"line":7,"column":26}},"6":{"start":{"line":8,"column":33},"end":{"line":8,"column":37}},"7":{"start":{"line":10,"column":15},"end":{"line":10,"column":47}},"8":{"start":{"line":11,"column":26},"end":{"line":11,"column":99}},"9":{"start":{"line":13,"column":2},"end":{"line":17,"column":3}},"10":{"start":{"line":14,"column":4},"end":{"line":16,"column":6}},"11":{"start":{"line":18,"column":23},"end":{"line":21,"column":3}},"12":{"start":{"line":23,"column":16},"end":{"line":23,"column":73}},"13":{"start":{"line":25,"column":2},"end":{"line":29,"column":4}},"14":{"start":{"line":32,"column":0},"end":{"line":32,"column":27}}},"fnMap":{"0":{"name":"(anonymous_0)","decl":{"start":{"line":6,"column":26},"end":{"line":6,"column":27}},"loc":{"start":{"line":6,"column":55},"end":{"line":30,"column":1}},"line":6}},"branchMap":{"0":{"loc":{"start":{"line":11,"column":26},"end":{"line":11,"column":99}},"type":"cond-expr","locations":[{"start":{"line":11,"column":42},"end":{"line":11,"column":47}},{"start":{"line":11,"column":50},"end":{"line":11,"column":99}}],"line":11},"1":{"loc":{"start":{"line":13,"column":2},"end":{"line":17,"column":3}},"type":"if","locations":[{"start":{"line":13,"column":2},"end":{"line":17,"column":3}},{"start":{"line":13,"column":2},"end":{"line":17,"column":3}}],"line":13},"2":{"loc":{"start":{"line":13,"column":8},"end":{"line":13,"column":31}},"type":"binary-expr","locations":[{"start":{"line":13,"column":8},"end":{"line":13,"column":12}},{"start":{"line":13,"column":16},"end":{"line":13,"column":31}}],"line":13}},"s":{"0":2,"1":2,"2":2,"3":2,"4":2,"5":8,"6":8,"7":8,"8":8,"9":8,"10":0,"11":8,"12":8,"13":8,"14":2},"f":{"0":8},"b":{"0":[0,8],"1":[0,8],"2":[8,8]},"_coverageSchema":"1a1c01bbd47fc00a2c39e90264f33305004495a9","hash":"410b56f37375a45b242c982d0ae1775a30bef3fd"}
,"C:\\Users\\Equio\\Documents\\PROYECTOS\\nodejs\\app-nodejs\\controllers\\products.js": {"path":"C:\\Users\\Equio\\Documents\\PROYECTOS\\nodejs\\app-nodejs\\controllers\\products.js","statementMap":{"0":{"start":{"line":2,"column":13},"end":{"line":2,"column":38}},"1":{"start":{"line":3,"column":13},"end":{"line":3,"column":42}},"2":{"start":{"line":4,"column":16},"end":{"line":4,"column":44}},"3":{"start":{"line":5,"column":23},"end":{"line":5,"column":50}},"4":{"start":{"line":7,"column":0},"end":{"line":22,"column":2}},"5":{"start":{"line":8,"column":19},"end":{"line":8,"column":26}},"6":{"start":{"line":9,"column":42},"end":{"line":9,"column":46}},"7":{"start":{"line":10,"column":15},"end":{"line":10,"column":38}},"8":{"start":{"line":11,"column":18},"end":{"line":16,"column":4}},"9":{"start":{"line":17,"column":23},"end":{"line":17,"column":43}},"10":{"start":{"line":18,"column":2},"end":{"line":18,"column":56}},"11":{"start":{"line":19,"column":2},"end":{"line":19,"column":19}},"12":{"start":{"line":21,"column":2},"end":{"line":21,"column":41}},"13":{"start":{"line":24,"column":0},"end":{"line":30,"column":2}},"14":{"start":{"line":25,"column":19},"end":{"line":28,"column":4}},"15":{"start":{"line":29,"column":2},"end":{"line":29,"column":25}},"16":{"start":{"line":32,"column":0},"end":{"line":62,"column":2}},"17":{"start":{"line":33,"column":27},"end":{"line":33,"column":34}},"18":{"start":{"line":34,"column":17},"end":{"line":34,"column":21}},"19":{"start":{"line":35,"column":21},"end":{"line":35,"column":30}},"20":{"start":{"line":36,"column":2},"end":{"line":61,"column":3}},"21":{"start":{"line":37,"column":4},"end":{"line":37,"column":17}},"22":{"start":{"line":38,"column":4},"end":{"line":47,"column":5}},"23":{"start":{"line":39,"column":6},"end":{"line":39,"column":34}},"24":{"start":{"line":40,"column":19},"end":{"line":40,"column":42}},"25":{"start":{"line":41,"column":6},"end":{"line":41,"column":24}},"26":{"start":{"line":42,"column":6},"end":{"line":42,"column":23}},"27":{"start":{"line":44,"column":6},"end":{"line":44,"column":32}},"28":{"start":{"line":46,"column":6},"end":{"line":46,"column":73}},"29":{"start":{"line":49,"column":28},"end":{"line":49,"column":62}},"30":{"start":{"line":51,"column":4},"end":{"line":53,"column":5}},"31":{"start":{"line":52,"column":6},"end":{"line":52,"column":72}},"32":{"start":{"line":55,"column":4},"end":{"line":55,"column":48}},"33":{"start":{"line":56,"column":17},"end":{"line":56,"column":40}},"34":{"start":{"line":57,"column":4},"end":{"line":57,"column":78}},"35":{"start":{"line":57,"column":52},"end":{"line":57,"column":77}},"36":{"start":{"line":58,"column":4},"end":{"line":58,"column":21}},"37":{"start":{"line":60,"column":4},"end":{"line":60,"column":30}},"38":{"start":{"line":64,"column":0},"end":{"line":64,"column":31}}},"fnMap":{"0":{"name":"(anonymous_0)","decl":{"start":{"line":7,"column":31},"end":{"line":7,"column":32}},"loc":{"start":{"line":7,"column":66},"end":{"line":22,"column":1}},"line":7},"1":{"name":"(anonymous_1)","decl":{"start":{"line":24,"column":24},"end":{"line":24,"column":25}},"loc":{"start":{"line":24,"column":53},"end":{"line":30,"column":1}},"line":24},"2":{"name":"(anonymous_2)","decl":{"start":{"line":32,"column":37},"end":{"line":32,"column":38}},"loc":{"start":{"line":32,"column":72},"end":{"line":62,"column":1}},"line":32},"3":{"name":"(anonymous_3)","decl":{"start":{"line":57,"column":41},"end":{"line":57,"column":42}},"loc":{"start":{"line":57,"column":52},"end":{"line":57,"column":77}},"line":57}},"branchMap":{"0":{"loc":{"start":{"line":36,"column":2},"end":{"line":61,"column":3}},"type":"if","locations":[{"start":{"line":36,"column":2},"end":{"line":61,"column":3}},{"start":{"line":36,"column":2},"end":{"line":61,"column":3}}],"line":36},"1":{"loc":{"start":{"line":38,"column":4},"end":{"line":47,"column":5}},"type":"if","locations":[{"start":{"line":38,"column":4},"end":{"line":47,"column":5}},{"start":{"line":38,"column":4},"end":{"line":47,"column":5}}],"line":38},"2":{"loc":{"start":{"line":51,"column":4},"end":{"line":53,"column":5}},"type":"if","locations":[{"start":{"line":51,"column":4},"end":{"line":53,"column":5}},{"start":{"line":51,"column":4},"end":{"line":53,"column":5}}],"line":51}},"s":{"0":2,"1":2,"2":2,"3":2,"4":2,"5":3,"6":3,"7":3,"8":3,"9":3,"10":3,"11":3,"12":3,"13":2,"14":0,"15":0,"16":2,"17":3,"18":3,"19":3,"20":3,"21":2,"22":2,"23":1,"24":1,"25":1,"26":1,"27":1,"28":1,"29":1,"30":1,"31":0,"32":1,"33":1,"34":1,"35":1,"36":1,"37":1,"38":2},"f":{"0":3,"1":0,"2":3,"3":1},"b":{"0":[2,1],"1":[1,1],"2":[0,1]},"_coverageSchema":"1a1c01bbd47fc00a2c39e90264f33305004495a9","hash":"fca2358275f28ffb0eed40b3f7d1ac068b438bd6"}
,"C:\\Users\\Equio\\Documents\\PROYECTOS\\nodejs\\app-nodejs\\controllers\\users.js": {"path":"C:\\Users\\Equio\\Documents\\PROYECTOS\\nodejs\\app-nodejs\\controllers\\users.js","statementMap":{"0":{"start":{"line":1,"column":15},"end":{"line":1,"column":32}},"1":{"start":{"line":2,"column":20},"end":{"line":2,"column":47}},"2":{"start":{"line":3,"column":13},"end":{"line":3,"column":38}},"3":{"start":{"line":5,"column":0},"end":{"line":35,"column":2}},"4":{"start":{"line":6,"column":2},"end":{"line":34,"column":3}},"5":{"start":{"line":7,"column":21},"end":{"line":7,"column":28}},"6":{"start":{"line":8,"column":41},"end":{"line":8,"column":45}},"7":{"start":{"line":9,"column":19},"end":{"line":9,"column":21}},"8":{"start":{"line":11,"column":4},"end":{"line":11,"column":83}},"9":{"start":{"line":11,"column":47},"end":{"line":11,"column":81}},"10":{"start":{"line":13,"column":4},"end":{"line":13,"column":83}},"11":{"start":{"line":13,"column":47},"end":{"line":13,"column":81}},"12":{"start":{"line":15,"column":4},"end":{"line":15,"column":71}},"13":{"start":{"line":15,"column":39},"end":{"line":15,"column":69}},"14":{"start":{"line":17,"column":4},"end":{"line":19,"column":5}},"15":{"start":{"line":18,"column":6},"end":{"line":18,"column":81}},"16":{"start":{"line":18,"column":38},"end":{"line":18,"column":79}},"17":{"start":{"line":20,"column":23},"end":{"line":20,"column":25}},"18":{"start":{"line":21,"column":25},"end":{"line":21,"column":64}},"19":{"start":{"line":23,"column":17},"end":{"line":27,"column":6}},"20":{"start":{"line":29,"column":22},"end":{"line":29,"column":39}},"21":{"start":{"line":30,"column":4},"end":{"line":30,"column":40}},"22":{"start":{"line":32,"column":4},"end":{"line":32,"column":22}},"23":{"start":{"line":33,"column":4},"end":{"line":33,"column":11}},"24":{"start":{"line":36,"column":0},"end":{"line":43,"column":2}},"25":{"start":{"line":37,"column":16},"end":{"line":41,"column":4}},"26":{"start":{"line":42,"column":2},"end":{"line":42,"column":22}},"27":{"start":{"line":45,"column":0},"end":{"line":45,"column":28}}},"fnMap":{"0":{"name":"(anonymous_0)","decl":{"start":{"line":5,"column":22},"end":{"line":5,"column":23}},"loc":{"start":{"line":5,"column":57},"end":{"line":35,"column":1}},"line":5},"1":{"name":"(anonymous_1)","decl":{"start":{"line":36,"column":21},"end":{"line":36,"column":22}},"loc":{"start":{"line":36,"column":50},"end":{"line":43,"column":1}},"line":36}},"branchMap":{"0":{"loc":{"start":{"line":11,"column":4},"end":{"line":11,"column":83}},"type":"if","locations":[{"start":{"line":11,"column":4},"end":{"line":11,"column":83}},{"start":{"line":11,"column":4},"end":{"line":11,"column":83}}],"line":11},"1":{"loc":{"start":{"line":11,"column":8},"end":{"line":11,"column":43}},"type":"binary-expr","locations":[{"start":{"line":11,"column":8},"end":{"line":11,"column":17}},{"start":{"line":11,"column":21},"end":{"line":11,"column":43}}],"line":11},"2":{"loc":{"start":{"line":13,"column":4},"end":{"line":13,"column":83}},"type":"if","locations":[{"start":{"line":13,"column":4},"end":{"line":13,"column":83}},{"start":{"line":13,"column":4},"end":{"line":13,"column":83}}],"line":13},"3":{"loc":{"start":{"line":13,"column":8},"end":{"line":13,"column":43}},"type":"binary-expr","locations":[{"start":{"line":13,"column":8},"end":{"line":13,"column":17}},{"start":{"line":13,"column":21},"end":{"line":13,"column":43}}],"line":13},"4":{"loc":{"start":{"line":15,"column":4},"end":{"line":15,"column":71}},"type":"if","locations":[{"start":{"line":15,"column":4},"end":{"line":15,"column":71}},{"start":{"line":15,"column":4},"end":{"line":15,"column":71}}],"line":15},"5":{"loc":{"start":{"line":15,"column":8},"end":{"line":15,"column":35}},"type":"binary-expr","locations":[{"start":{"line":15,"column":8},"end":{"line":15,"column":13}},{"start":{"line":15,"column":17},"end":{"line":15,"column":35}}],"line":15},"6":{"loc":{"start":{"line":18,"column":6},"end":{"line":18,"column":81}},"type":"if","locations":[{"start":{"line":18,"column":6},"end":{"line":18,"column":81}},{"start":{"line":18,"column":6},"end":{"line":18,"column":81}}],"line":18}},"s":{"0":2,"1":2,"2":2,"3":2,"4":3,"5":3,"6":3,"7":3,"8":3,"9":1,"10":3,"11":1,"12":3,"13":1,"14":3,"15":3,"16":3,"17":3,"18":3,"19":2,"20":2,"21":1,"22":2,"23":2,"24":2,"25":0,"26":0,"27":2},"f":{"0":3,"1":0},"b":{"0":[1,2],"1":[3,2],"2":[1,2],"3":[3,2],"4":[1,2],"5":[3,2],"6":[3,0]},"_coverageSchema":"1a1c01bbd47fc00a2c39e90264f33305004495a9","hash":"b1665e32c9081482b059c3bca88f68956e962d75"}
,"C:\\Users\\Equio\\Documents\\PROYECTOS\\nodejs\\app-nodejs\\middelware\\auth.js": {"path":"C:\\Users\\Equio\\Documents\\PROYECTOS\\nodejs\\app-nodejs\\middelware\\auth.js","statementMap":{"0":{"start":{"line":1,"column":12},"end":{"line":1,"column":35}},"1":{"start":{"line":3,"column":0},"end":{"line":20,"column":1}},"2":{"start":{"line":4,"column":2},"end":{"line":19,"column":3}},"3":{"start":{"line":5,"column":26},"end":{"line":5,"column":54}},"4":{"start":{"line":6,"column":16},"end":{"line":6,"column":20}},"5":{"start":{"line":7,"column":4},"end":{"line":9,"column":5}},"6":{"start":{"line":8,"column":6},"end":{"line":8,"column":40}},"7":{"start":{"line":10,"column":4},"end":{"line":10,"column":55}},"8":{"start":{"line":10,"column":18},"end":{"line":10,"column":53}},"9":{"start":{"line":11,"column":24},"end":{"line":11,"column":76}},"10":{"start":{"line":13,"column":4},"end":{"line":13,"column":80}},"11":{"start":{"line":13,"column":43},"end":{"line":13,"column":78}},"12":{"start":{"line":15,"column":4},"end":{"line":15,"column":36}},"13":{"start":{"line":16,"column":4},"end":{"line":16,"column":10}},"14":{"start":{"line":18,"column":4},"end":{"line":18,"column":11}}},"fnMap":{"0":{"name":"(anonymous_0)","decl":{"start":{"line":3,"column":17},"end":{"line":3,"column":18}},"loc":{"start":{"line":3,"column":39},"end":{"line":20,"column":1}},"line":3}},"branchMap":{"0":{"loc":{"start":{"line":7,"column":4},"end":{"line":9,"column":5}},"type":"if","locations":[{"start":{"line":7,"column":4},"end":{"line":9,"column":5}},{"start":{"line":7,"column":4},"end":{"line":9,"column":5}}],"line":7},"1":{"loc":{"start":{"line":7,"column":8},"end":{"line":7,"column":79}},"type":"binary-expr","locations":[{"start":{"line":7,"column":8},"end":{"line":7,"column":21}},{"start":{"line":7,"column":25},"end":{"line":7,"column":79}}],"line":7},"2":{"loc":{"start":{"line":10,"column":4},"end":{"line":10,"column":55}},"type":"if","locations":[{"start":{"line":10,"column":4},"end":{"line":10,"column":55}},{"start":{"line":10,"column":4},"end":{"line":10,"column":55}}],"line":10},"3":{"loc":{"start":{"line":13,"column":4},"end":{"line":13,"column":80}},"type":"if","locations":[{"start":{"line":13,"column":4},"end":{"line":13,"column":80}},{"start":{"line":13,"column":4},"end":{"line":13,"column":80}}],"line":13},"4":{"loc":{"start":{"line":13,"column":8},"end":{"line":13,"column":39}},"type":"binary-expr","locations":[{"start":{"line":13,"column":8},"end":{"line":13,"column":20}},{"start":{"line":13,"column":24},"end":{"line":13,"column":39}}],"line":13}},"s":{"0":2,"1":2,"2":7,"3":7,"4":7,"5":7,"6":6,"7":7,"8":1,"9":7,"10":6,"11":0,"12":6,"13":6,"14":1},"f":{"0":7},"b":{"0":[6,1],"1":[7,6],"2":[1,6],"3":[0,6],"4":[6,6]},"_coverageSchema":"1a1c01bbd47fc00a2c39e90264f33305004495a9","hash":"182fe563e25eb0946751b68ef113178853549d9e"}
,"C:\\Users\\Equio\\Documents\\PROYECTOS\\nodejs\\app-nodejs\\middelware\\handleErrors.js": {"path":"C:\\Users\\Equio\\Documents\\PROYECTOS\\nodejs\\app-nodejs\\middelware\\handleErrors.js","statementMap":{"0":{"start":{"line":1,"column":26},"end":{"line":1,"column":46}},"1":{"start":{"line":3,"column":0},"end":{"line":54,"column":1}},"2":{"start":{"line":4,"column":2},"end":{"line":6,"column":3}},"3":{"start":{"line":5,"column":4},"end":{"line":5,"column":22}},"4":{"start":{"line":7,"column":2},"end":{"line":7,"column":38}},"5":{"start":{"line":8,"column":2},"end":{"line":8,"column":20}},"6":{"start":{"line":9,"column":2},"end":{"line":53,"column":3}},"7":{"start":{"line":10,"column":4},"end":{"line":12,"column":6}},"8":{"start":{"line":13,"column":9},"end":{"line":53,"column":3}},"9":{"start":{"line":14,"column":4},"end":{"line":16,"column":6}},"10":{"start":{"line":17,"column":9},"end":{"line":53,"column":3}},"11":{"start":{"line":18,"column":19},"end":{"line":18,"column":24}},"12":{"start":{"line":19,"column":19},"end":{"line":19,"column":21}},"13":{"start":{"line":20,"column":4},"end":{"line":38,"column":5}},"14":{"start":{"line":21,"column":6},"end":{"line":37,"column":7}},"15":{"start":{"line":22,"column":28},"end":{"line":22,"column":47}},"16":{"start":{"line":23,"column":8},"end":{"line":23,"column":36}},"17":{"start":{"line":24,"column":8},"end":{"line":24,"column":26}},"18":{"start":{"line":26,"column":8},"end":{"line":34,"column":9}},"19":{"start":{"line":27,"column":10},"end":{"line":31,"column":11}},"20":{"start":{"line":28,"column":12},"end":{"line":28,"column":90}},"21":{"start":{"line":30,"column":12},"end":{"line":30,"column":81}},"22":{"start":{"line":33,"column":10},"end":{"line":33,"column":88}},"23":{"start":{"line":33,"column":60},"end":{"line":33,"column":87}},"24":{"start":{"line":36,"column":8},"end":{"line":36,"column":67}},"25":{"start":{"line":36,"column":50},"end":{"line":36,"column":65}},"26":{"start":{"line":39,"column":4},"end":{"line":46,"column":5}},"27":{"start":{"line":40,"column":6},"end":{"line":42,"column":8}},"28":{"start":{"line":44,"column":6},"end":{"line":44,"column":58}},"29":{"start":{"line":45,"column":6},"end":{"line":45,"column":114}},"30":{"start":{"line":47,"column":9},"end":{"line":53,"column":3}},"31":{"start":{"line":48,"column":4},"end":{"line":48,"column":109}},"32":{"start":{"line":49,"column":9},"end":{"line":53,"column":3}},"33":{"start":{"line":50,"column":4},"end":{"line":50,"column":109}},"34":{"start":{"line":52,"column":4},"end":{"line":52,"column":30}}},"fnMap":{"0":{"name":"(anonymous_0)","decl":{"start":{"line":3,"column":17},"end":{"line":3,"column":18}},"loc":{"start":{"line":3,"column":47},"end":{"line":54,"column":1}},"line":3},"1":{"name":"(anonymous_1)","decl":{"start":{"line":33,"column":51},"end":{"line":33,"column":52}},"loc":{"start":{"line":33,"column":60},"end":{"line":33,"column":87}},"line":33}},"branchMap":{"0":{"loc":{"start":{"line":4,"column":2},"end":{"line":6,"column":3}},"type":"if","locations":[{"start":{"line":4,"column":2},"end":{"line":6,"column":3}},{"start":{"line":4,"column":2},"end":{"line":6,"column":3}}],"line":4},"1":{"loc":{"start":{"line":9,"column":2},"end":{"line":53,"column":3}},"type":"if","locations":[{"start":{"line":9,"column":2},"end":{"line":53,"column":3}},{"start":{"line":9,"column":2},"end":{"line":53,"column":3}}],"line":9},"2":{"loc":{"start":{"line":13,"column":9},"end":{"line":53,"column":3}},"type":"if","locations":[{"start":{"line":13,"column":9},"end":{"line":53,"column":3}},{"start":{"line":13,"column":9},"end":{"line":53,"column":3}}],"line":13},"3":{"loc":{"start":{"line":17,"column":9},"end":{"line":53,"column":3}},"type":"if","locations":[{"start":{"line":17,"column":9},"end":{"line":53,"column":3}},{"start":{"line":17,"column":9},"end":{"line":53,"column":3}}],"line":17},"4":{"loc":{"start":{"line":21,"column":6},"end":{"line":37,"column":7}},"type":"if","locations":[{"start":{"line":21,"column":6},"end":{"line":37,"column":7}},{"start":{"line":21,"column":6},"end":{"line":37,"column":7}}],"line":21},"5":{"loc":{"start":{"line":26,"column":8},"end":{"line":34,"column":9}},"type":"if","locations":[{"start":{"line":26,"column":8},"end":{"line":34,"column":9}},{"start":{"line":26,"column":8},"end":{"line":34,"column":9}}],"line":26},"6":{"loc":{"start":{"line":27,"column":10},"end":{"line":31,"column":11}},"type":"if","locations":[{"start":{"line":27,"column":10},"end":{"line":31,"column":11}},{"start":{"line":27,"column":10},"end":{"line":31,"column":11}}],"line":27},"7":{"loc":{"start":{"line":36,"column":8},"end":{"line":36,"column":67}},"type":"if","locations":[{"start":{"line":36,"column":8},"end":{"line":36,"column":67}},{"start":{"line":36,"column":8},"end":{"line":36,"column":67}}],"line":36},"8":{"loc":{"start":{"line":39,"column":4},"end":{"line":46,"column":5}},"type":"if","locations":[{"start":{"line":39,"column":4},"end":{"line":46,"column":5}},{"start":{"line":39,"column":4},"end":{"line":46,"column":5}}],"line":39},"9":{"loc":{"start":{"line":47,"column":9},"end":{"line":53,"column":3}},"type":"if","locations":[{"start":{"line":47,"column":9},"end":{"line":53,"column":3}},{"start":{"line":47,"column":9},"end":{"line":53,"column":3}}],"line":47},"10":{"loc":{"start":{"line":49,"column":9},"end":{"line":53,"column":3}},"type":"if","locations":[{"start":{"line":49,"column":9},"end":{"line":53,"column":3}},{"start":{"line":49,"column":9},"end":{"line":53,"column":3}}],"line":49}},"s":{"0":2,"1":2,"2":4,"3":0,"4":4,"5":4,"6":4,"7":0,"8":4,"9":1,"10":3,"11":3,"12":3,"13":3,"14":5,"15":5,"16":5,"17":5,"18":5,"19":1,"20":1,"21":0,"22":4,"23":4,"24":5,"25":5,"26":3,"27":3,"28":0,"29":0,"30":0,"31":0,"32":0,"33":0,"34":0},"f":{"0":4,"1":4},"b":{"0":[0,4],"1":[0,4],"2":[1,3],"3":[3,0],"4":[5,0],"5":[1,4],"6":[1,0],"7":[5,0],"8":[3,0],"9":[0,0],"10":[0,0]},"_coverageSchema":"1a1c01bbd47fc00a2c39e90264f33305004495a9","hash":"7e7ce23e1e9f7554598d37278e03a19c6e7ec225"}
,"C:\\Users\\Equio\\Documents\\PROYECTOS\\nodejs\\app-nodejs\\middelware\\notFound.js": {"path":"C:\\Users\\Equio\\Documents\\PROYECTOS\\nodejs\\app-nodejs\\middelware\\notFound.js","statementMap":{"0":{"start":{"line":1,"column":0},"end":{"line":5,"column":1}},"1":{"start":{"line":2,"column":2},"end":{"line":4,"column":4}}},"fnMap":{"0":{"name":"(anonymous_0)","decl":{"start":{"line":1,"column":17},"end":{"line":1,"column":18}},"loc":{"start":{"line":1,"column":34},"end":{"line":5,"column":1}},"line":1}},"branchMap":{},"s":{"0":2,"1":0},"f":{"0":0},"b":{},"_coverageSchema":"1a1c01bbd47fc00a2c39e90264f33305004495a9","hash":"711a3a29b8f4cc39d751a01f548a47c77a81c5ae"}
,"C:\\Users\\Equio\\Documents\\PROYECTOS\\nodejs\\app-nodejs\\models\\Product.js": {"path":"C:\\Users\\Equio\\Documents\\PROYECTOS\\nodejs\\app-nodejs\\models\\Product.js","statementMap":{"0":{"start":{"line":1,"column":26},"end":{"line":1,"column":45}},"1":{"start":{"line":2,"column":22},"end":{"line":2,"column":42}},"2":{"start":{"line":3,"column":22},"end":{"line":11,"column":2}},"3":{"start":{"line":13,"column":0},"end":{"line":17,"column":2}},"4":{"start":{"line":15,"column":4},"end":{"line":15,"column":46}},"5":{"start":{"line":18,"column":16},"end":{"line":18,"column":47}},"6":{"start":{"line":20,"column":0},"end":{"line":20,"column":24}}},"fnMap":{"0":{"name":"(anonymous_0)","decl":{"start":{"line":14,"column":13},"end":{"line":14,"column":14}},"loc":{"start":{"line":14,"column":36},"end":{"line":16,"column":3}},"line":14}},"branchMap":{},"s":{"0":2,"1":2,"2":2,"3":2,"4":17,"5":2,"6":2},"f":{"0":17},"b":{},"_coverageSchema":"1a1c01bbd47fc00a2c39e90264f33305004495a9","hash":"e2a3599ce9ef4e16e262db5787cc4ddcd4840faa"}
,"C:\\Users\\Equio\\Documents\\PROYECTOS\\nodejs\\app-nodejs\\models\\User.js": {"path":"C:\\Users\\Equio\\Documents\\PROYECTOS\\nodejs\\app-nodejs\\models\\User.js","statementMap":{"0":{"start":{"line":1,"column":24},"end":{"line":1,"column":60}},"1":{"start":{"line":2,"column":26},"end":{"line":2,"column":45}},"2":{"start":{"line":3,"column":22},"end":{"line":3,"column":42}},"3":{"start":{"line":5,"column":16},"end":{"line":5,"column":44}},"4":{"start":{"line":6,"column":19},"end":{"line":17,"column":2}},"5":{"start":{"line":18,"column":0},"end":{"line":18,"column":34}},"6":{"start":{"line":19,"column":0},"end":{"line":24,"column":2}},"7":{"start":{"line":21,"column":4},"end":{"line":21,"column":46}},"8":{"start":{"line":22,"column":4},"end":{"line":22,"column":38}},"9":{"start":{"line":25,"column":13},"end":{"line":25,"column":38}},"10":{"start":{"line":27,"column":0},"end":{"line":27,"column":21}}},"fnMap":{"0":{"name":"(anonymous_0)","decl":{"start":{"line":20,"column":13},"end":{"line":20,"column":14}},"loc":{"start":{"line":20,"column":36},"end":{"line":23,"column":3}},"line":20}},"branchMap":{},"s":{"0":2,"1":2,"2":2,"3":2,"4":2,"5":2,"6":2,"7":17,"8":17,"9":2,"10":2},"f":{"0":17},"b":{},"_coverageSchema":"1a1c01bbd47fc00a2c39e90264f33305004495a9","hash":"93df627203eb5611e70f4ace73ad68b20d2072bf"}
,"C:\\Users\\Equio\\Documents\\PROYECTOS\\nodejs\\app-nodejs\\models\\helpers.js": {"path":"C:\\Users\\Equio\\Documents\\PROYECTOS\\nodejs\\app-nodejs\\models\\helpers.js","statementMap":{"0":{"start":{"line":1,"column":18},"end":{"line":6,"column":1}},"1":{"start":{"line":2,"column":2},"end":{"line":2,"column":18}},"2":{"start":{"line":3,"column":2},"end":{"line":3,"column":16}},"3":{"start":{"line":4,"column":2},"end":{"line":4,"column":15}},"4":{"start":{"line":5,"column":2},"end":{"line":5,"column":12}},"5":{"start":{"line":8,"column":0},"end":{"line":8,"column":30}}},"fnMap":{"0":{"name":"(anonymous_0)","decl":{"start":{"line":1,"column":18},"end":{"line":1,"column":19}},"loc":{"start":{"line":1,"column":27},"end":{"line":6,"column":1}},"line":1}},"branchMap":{},"s":{"0":2,"1":34,"2":34,"3":34,"4":34,"5":2},"f":{"0":34},"b":{},"_coverageSchema":"1a1c01bbd47fc00a2c39e90264f33305004495a9","hash":"16b7dc70cc17e9e2725ae45e4bdf7d0c7fd395f6"}
,"C:\\Users\\Equio\\Documents\\PROYECTOS\\nodejs\\app-nodejs\\tests\\helpers\\index.js": {"path":"C:\\Users\\Equio\\Documents\\PROYECTOS\\nodejs\\app-nodejs\\tests\\helpers\\index.js","statementMap":{"0":{"start":{"line":1,"column":24},"end":{"line":1,"column":46}},"1":{"start":{"line":2,"column":18},"end":{"line":2,"column":38}},"2":{"start":{"line":4,"column":12},"end":{"line":4,"column":26}},"3":{"start":{"line":6,"column":0},"end":{"line":9,"column":1}}},"fnMap":{},"branchMap":{},"s":{"0":2,"1":2,"2":2,"3":2},"f":{},"b":{},"_coverageSchema":"1a1c01bbd47fc00a2c39e90264f33305004495a9","hash":"6a20de2710f3222b8010abc4a16394bede2d4777"}
,"C:\\Users\\Equio\\Documents\\PROYECTOS\\nodejs\\app-nodejs\\tests\\helpers\\products.js": {"path":"C:\\Users\\Equio\\Documents\\PROYECTOS\\nodejs\\app-nodejs\\tests\\helpers\\products.js","statementMap":{"0":{"start":{"line":1,"column":16},"end":{"line":1,"column":47}},"1":{"start":{"line":2,"column":13},"end":{"line":2,"column":41}},"2":{"start":{"line":3,"column":23},"end":{"line":3,"column":41}},"3":{"start":{"line":5,"column":20},"end":{"line":9,"column":1}},"4":{"start":{"line":11,"column":20},"end":{"line":15,"column":1}},"5":{"start":{"line":12,"column":21},"end":{"line":12,"column":43}},"6":{"start":{"line":13,"column":19},"end":{"line":13,"column":56}},"7":{"start":{"line":13,"column":42},"end":{"line":13,"column":55}},"8":{"start":{"line":14,"column":2},"end":{"line":14,"column":17}},"9":{"start":{"line":18,"column":2},"end":{"line":18,"column":30}},"10":{"start":{"line":19,"column":38},"end":{"line":19,"column":56}},"11":{"start":{"line":20,"column":15},"end":{"line":20,"column":46}},"12":{"start":{"line":21,"column":18},"end":{"line":24,"column":4}},"13":{"start":{"line":26,"column":20},"end":{"line":26,"column":40}},"14":{"start":{"line":27,"column":2},"end":{"line":27,"column":55}},"15":{"start":{"line":28,"column":2},"end":{"line":28,"column":19}},"16":{"start":{"line":29,"column":19},"end":{"line":29,"column":38}},"17":{"start":{"line":30,"column":2},"end":{"line":30,"column":34}},"18":{"start":{"line":32,"column":0},"end":{"line":36,"column":1}}},"fnMap":{"0":{"name":"(anonymous_0)","decl":{"start":{"line":11,"column":20},"end":{"line":11,"column":21}},"loc":{"start":{"line":11,"column":32},"end":{"line":15,"column":1}},"line":11},"1":{"name":"(anonymous_1)","decl":{"start":{"line":13,"column":34},"end":{"line":13,"column":35}},"loc":{"start":{"line":13,"column":42},"end":{"line":13,"column":55}},"line":13},"2":{"name":"setupProducts","decl":{"start":{"line":17,"column":15},"end":{"line":17,"column":28}},"loc":{"start":{"line":17,"column":32},"end":{"line":31,"column":1}},"line":17}},"branchMap":{},"s":{"0":1,"1":1,"2":1,"3":1,"4":1,"5":10,"6":10,"7":10,"8":10,"9":5,"10":5,"11":5,"12":5,"13":5,"14":5,"15":5,"16":5,"17":5,"18":1},"f":{"0":10,"1":10,"2":5},"b":{},"_coverageSchema":"1a1c01bbd47fc00a2c39e90264f33305004495a9","hash":"528c1ff5bc5b0e4aaeb07ad25a9c38f0f4e0ca86"}
,"C:\\Users\\Equio\\Documents\\PROYECTOS\\nodejs\\app-nodejs\\tests\\helpers\\users.js": {"path":"C:\\Users\\Equio\\Documents\\PROYECTOS\\nodejs\\app-nodejs\\tests\\helpers\\users.js","statementMap":{"0":{"start":{"line":1,"column":13},"end":{"line":1,"column":41}},"1":{"start":{"line":2,"column":15},"end":{"line":2,"column":32}},"2":{"start":{"line":3,"column":16},"end":{"line":3,"column":38}},"3":{"start":{"line":5,"column":17},"end":{"line":5,"column":81}},"4":{"start":{"line":7,"column":17},"end":{"line":11,"column":1}},"5":{"start":{"line":8,"column":18},"end":{"line":8,"column":37}},"6":{"start":{"line":9,"column":16},"end":{"line":9,"column":50}},"7":{"start":{"line":9,"column":36},"end":{"line":9,"column":49}},"8":{"start":{"line":10,"column":2},"end":{"line":10,"column":14}},"9":{"start":{"line":12,"column":16},"end":{"line":18,"column":1}},"10":{"start":{"line":13,"column":17},"end":{"line":15,"column":4}},"11":{"start":{"line":16,"column":2},"end":{"line":16,"column":25}},"12":{"start":{"line":17,"column":2},"end":{"line":17,"column":24}},"13":{"start":{"line":21,"column":2},"end":{"line":21,"column":27}},"14":{"start":{"line":23,"column":33},"end":{"line":23,"column":41}},"15":{"start":{"line":25,"column":23},"end":{"line":25,"column":54}},"16":{"start":{"line":26,"column":15},"end":{"line":26,"column":51}},"17":{"start":{"line":28,"column":2},"end":{"line":28,"column":19}},"18":{"start":{"line":29,"column":16},"end":{"line":29,"column":32}},"19":{"start":{"line":31,"column":30},"end":{"line":33,"column":19}},"20":{"start":{"line":35,"column":2},"end":{"line":35,"column":25}},"21":{"start":{"line":37,"column":0},"end":{"line":42,"column":1}}},"fnMap":{"0":{"name":"(anonymous_0)","decl":{"start":{"line":7,"column":17},"end":{"line":7,"column":18}},"loc":{"start":{"line":7,"column":29},"end":{"line":11,"column":1}},"line":7},"1":{"name":"(anonymous_1)","decl":{"start":{"line":9,"column":28},"end":{"line":9,"column":29}},"loc":{"start":{"line":9,"column":36},"end":{"line":9,"column":49}},"line":9},"2":{"name":"(anonymous_2)","decl":{"start":{"line":12,"column":16},"end":{"line":12,"column":17}},"loc":{"start":{"line":12,"column":31},"end":{"line":18,"column":1}},"line":12},"3":{"name":"setupUsers","decl":{"start":{"line":20,"column":15},"end":{"line":20,"column":25}},"loc":{"start":{"line":20,"column":29},"end":{"line":36,"column":1}},"line":20}},"branchMap":{},"s":{"0":2,"1":2,"2":2,"3":2,"4":2,"5":11,"6":11,"7":12,"8":11,"9":2,"10":4,"11":4,"12":4,"13":8,"14":8,"15":8,"16":8,"17":8,"18":8,"19":8,"20":8,"21":2},"f":{"0":11,"1":12,"2":4,"3":8},"b":{},"_coverageSchema":"1a1c01bbd47fc00a2c39e90264f33305004495a9","hash":"af55bb842cac87072bb7b59b08838b2d0abaaee4"}
}
