TN:
SF:errors.js
FN:2,(anonymous_0)
FN:3,(anonymous_1)
FNF:2
FNH:2
FNDA:8,(anonymous_0)
FNDA:1,(anonymous_1)
DA:1,2
DA:2,8
DA:3,1
DA:5,2
LF:4
LH:4
BRF:0
BRH:0
end_of_record
TN:
SF:index.js
FN:30,(anonymous_0)
FNF:1
FNH:1
FNDA:2,(anonymous_0)
DA:1,2
DA:3,2
DA:4,2
DA:5,2
DA:6,2
DA:7,2
DA:8,2
DA:9,2
DA:11,2
DA:13,2
DA:14,2
DA:18,2
DA:21,2
DA:24,2
DA:27,2
DA:28,2
DA:29,2
DA:30,2
DA:33,2
LF:19
LH:19
BRDA:29,0,0,2
BRDA:29,0,1,0
BRF:2
BRH:1
end_of_record
TN:
SF:mongo.js
FN:12,(anonymous_0)
FN:14,(anonymous_1)
FN:19,(anonymous_2)
FNF:3
FNH:1
FNDA:2,(anonymous_0)
FNDA:0,(anonymous_1)
FNDA:0,(anonymous_2)
DA:1,2
DA:2,2
DA:3,2
DA:4,2
DA:6,2
DA:15,0
DA:19,2
DA:20,0
DA:21,0
LF:9
LH:6
BRDA:4,0,0,2
BRDA:4,0,1,0
BRF:2
BRH:1
end_of_record
TN:
SF:controllers\auth.js
FN:6,(anonymous_0)
FNF:1
FNH:1
FNDA:8,(anonymous_0)
DA:1,2
DA:2,2
DA:3,2
DA:4,2
DA:6,2
DA:7,8
DA:8,8
DA:10,8
DA:11,8
DA:13,8
DA:14,0
DA:18,8
DA:23,8
DA:25,8
DA:32,2
LF:15
LH:14
BRDA:11,0,0,0
BRDA:11,0,1,8
BRDA:13,1,0,0
BRDA:13,1,1,8
BRDA:13,2,0,8
BRDA:13,2,1,8
BRF:6
BRH:4
end_of_record
TN:
SF:controllers\products.js
FN:7,(anonymous_0)
FN:24,(anonymous_1)
FN:32,(anonymous_2)
FN:57,(anonymous_3)
FNF:4
FNH:3
FNDA:3,(anonymous_0)
FNDA:0,(anonymous_1)
FNDA:3,(anonymous_2)
FNDA:1,(anonymous_3)
DA:2,2
DA:3,2
DA:4,2
DA:5,2
DA:7,2
DA:8,3
DA:9,3
DA:10,3
DA:11,3
DA:17,3
DA:18,3
DA:19,3
DA:21,3
DA:24,2
DA:25,0
DA:29,0
DA:32,2
DA:33,3
DA:34,3
DA:35,3
DA:36,3
DA:37,2
DA:38,2
DA:39,1
DA:40,1
DA:41,1
DA:42,1
DA:44,1
DA:46,1
DA:49,1
DA:51,1
DA:52,0
DA:55,1
DA:56,1
DA:57,1
DA:58,1
DA:60,1
DA:64,2
LF:38
LH:35
BRDA:36,0,0,2
BRDA:36,0,1,1
BRDA:38,1,0,1
BRDA:38,1,1,1
BRDA:51,2,0,0
BRDA:51,2,1,1
BRF:6
BRH:5
end_of_record
TN:
SF:controllers\users.js
FN:5,(anonymous_0)
FN:36,(anonymous_1)
FNF:2
FNH:1
FNDA:3,(anonymous_0)
FNDA:0,(anonymous_1)
DA:1,2
DA:2,2
DA:3,2
DA:5,2
DA:6,3
DA:7,3
DA:8,3
DA:9,3
DA:11,3
DA:13,3
DA:15,3
DA:17,3
DA:18,3
DA:20,3
DA:21,3
DA:23,2
DA:29,2
DA:30,1
DA:32,2
DA:33,2
DA:36,2
DA:37,0
DA:42,0
DA:45,2
LF:24
LH:22
BRDA:11,0,0,1
BRDA:11,0,1,2
BRDA:11,1,0,3
BRDA:11,1,1,2
BRDA:13,2,0,1
BRDA:13,2,1,2
BRDA:13,3,0,3
BRDA:13,3,1,2
BRDA:15,4,0,1
BRDA:15,4,1,2
BRDA:15,5,0,3
BRDA:15,5,1,2
BRDA:18,6,0,3
BRDA:18,6,1,0
BRF:14
BRH:13
end_of_record
TN:
SF:middelware\auth.js
FN:3,(anonymous_0)
FNF:1
FNH:1
FNDA:7,(anonymous_0)
DA:1,2
DA:3,2
DA:4,7
DA:5,7
DA:6,7
DA:7,7
DA:8,6
DA:10,7
DA:11,7
DA:13,6
DA:15,6
DA:16,6
DA:18,1
LF:13
LH:13
BRDA:7,0,0,6
BRDA:7,0,1,1
BRDA:7,1,0,7
BRDA:7,1,1,6
BRDA:10,2,0,1
BRDA:10,2,1,6
BRDA:13,3,0,0
BRDA:13,3,1,6
BRDA:13,4,0,6
BRDA:13,4,1,6
BRF:10
BRH:9
end_of_record
TN:
SF:middelware\handleErrors.js
FN:3,(anonymous_0)
FN:33,(anonymous_1)
FNF:2
FNH:2
FNDA:4,(anonymous_0)
FNDA:4,(anonymous_1)
DA:1,2
DA:3,2
DA:4,4
DA:5,0
DA:7,4
DA:8,4
DA:9,4
DA:10,0
DA:13,4
DA:14,1
DA:17,3
DA:18,3
DA:19,3
DA:20,3
DA:21,5
DA:22,5
DA:23,5
DA:24,5
DA:26,5
DA:27,1
DA:28,1
DA:30,0
DA:33,4
DA:36,5
DA:39,3
DA:40,3
DA:44,0
DA:45,0
DA:47,0
DA:48,0
DA:49,0
DA:50,0
DA:52,0
LF:33
LH:23
BRDA:4,0,0,0
BRDA:4,0,1,4
BRDA:9,1,0,0
BRDA:9,1,1,4
BRDA:13,2,0,1
BRDA:13,2,1,3
BRDA:17,3,0,3
BRDA:17,3,1,0
BRDA:21,4,0,5
BRDA:21,4,1,0
BRDA:26,5,0,1
BRDA:26,5,1,4
BRDA:27,6,0,1
BRDA:27,6,1,0
BRDA:36,7,0,5
BRDA:36,7,1,0
BRDA:39,8,0,3
BRDA:39,8,1,0
BRDA:47,9,0,0
BRDA:47,9,1,0
BRDA:49,10,0,0
BRDA:49,10,1,0
BRF:22
BRH:11
end_of_record
TN:
SF:middelware\notFound.js
FN:1,(anonymous_0)
FNF:1
FNH:0
FNDA:0,(anonymous_0)
DA:1,2
DA:2,0
LF:2
LH:1
BRF:0
BRH:0
end_of_record
TN:
SF:models\Product.js
FN:14,(anonymous_0)
FNF:1
FNH:1
FNDA:17,(anonymous_0)
DA:1,2
DA:2,2
DA:3,2
DA:13,2
DA:15,17
DA:18,2
DA:20,2
LF:7
LH:7
BRF:0
BRH:0
end_of_record
TN:
SF:models\User.js
FN:20,(anonymous_0)
FNF:1
FNH:1
FNDA:17,(anonymous_0)
DA:1,2
DA:2,2
DA:3,2
DA:5,2
DA:6,2
DA:18,2
DA:19,2
DA:21,17
DA:22,17
DA:25,2
DA:27,2
LF:11
LH:11
BRF:0
BRH:0
end_of_record
TN:
SF:models\helpers.js
FN:1,(anonymous_0)
FNF:1
FNH:1
FNDA:34,(anonymous_0)
DA:1,2
DA:2,34
DA:3,34
DA:4,34
DA:5,34
DA:8,2
LF:6
LH:6
BRF:0
BRH:0
end_of_record
TN:
SF:tests\helpers\index.js
FNF:0
FNH:0
DA:1,2
DA:2,2
DA:4,2
DA:6,2
LF:4
LH:4
BRF:0
BRH:0
end_of_record
TN:
SF:tests\helpers\products.js
FN:11,(anonymous_0)
FN:13,(anonymous_1)
FN:17,setupProducts
FNF:3
FNH:3
FNDA:10,(anonymous_0)
FNDA:10,(anonymous_1)
FNDA:5,setupProducts
DA:1,1
DA:2,1
DA:3,1
DA:5,1
DA:11,1
DA:12,10
DA:13,10
DA:14,10
DA:18,5
DA:19,5
DA:20,5
DA:21,5
DA:26,5
DA:27,5
DA:28,5
DA:29,5
DA:30,5
DA:32,1
LF:18
LH:18
BRF:0
BRH:0
end_of_record
TN:
SF:tests\helpers\users.js
FN:7,(anonymous_0)
FN:9,(anonymous_1)
FN:12,(anonymous_2)
FN:20,setupUsers
FNF:4
FNH:4
FNDA:11,(anonymous_0)
FNDA:12,(anonymous_1)
FNDA:4,(anonymous_2)
FNDA:8,setupUsers
DA:1,2
DA:2,2
DA:3,2
DA:5,2
DA:7,2
DA:8,11
DA:9,12
DA:10,11
DA:12,2
DA:13,4
DA:16,4
DA:17,4
DA:21,8
DA:23,8
DA:25,8
DA:26,8
DA:28,8
DA:29,8
DA:31,8
DA:35,8
DA:37,2
LF:21
LH:21
BRF:0
BRH:0
end_of_record
